<?xml version="1.0" encoding="UTF-8"?>
<!-- Generated by org.testng.reporters.JUnitReportReporter -->
<testsuite hostname="DESKTOP-G8PV7I8" failures="0" tests="2" name="Appiumpackage1.Profile" time="23.978" errors="0" timestamp="2023-12-05T18:12:22 PKT" skipped="0">
  <testcase classname="Appiumpackage1.Profile" name="AddNewProfile" time="15.513"/>
  <testcase classname="Appiumpackage1.Profile" name="DeleteProfile" time="8.465"/>
</testsuite> <!-- Appiumpackage1.Profile -->
