<?xml version="1.0" encoding="UTF-8"?>
<!-- Generated by org.testng.reporters.JUnitReportReporter -->
<testsuite hostname="DESKTOP-G8PV7I8" failures="0" tests="1" name="Appiumpackage1.Appiumbasics" time="109.347" errors="0" timestamp="2024-04-24T19:08:34 PKT" skipped="0">
  <testcase classname="Appiumpackage1.Appiumbasics" name="AppiumTest" time="109.347"/>
</testsuite> <!-- Appiumpackage1.Appiumbasics -->
