<?xml version="1.0" encoding="UTF-8"?>
<!-- Generated by org.testng.reporters.JUnitReportReporter -->
<testsuite hostname="DESKTOP-G8PV7I8" failures="0" tests="1" name="Appiumpackage1.Appiumbasics" time="27.593" errors="0" timestamp="2024-02-27T13:04:21 PKT" skipped="0">
  <testcase classname="Appiumpackage1.Appiumbasics" name="AppiumTest" time="27.593"/>
</testsuite> <!-- Appiumpackage1.Appiumbasics -->
