<?xml version="1.0" encoding="UTF-8"?>
<!-- Generated by org.testng.reporters.JUnitReportReporter -->
<testsuite hostname="TFL_CT_Hisham" failures="0" tests="1" name="Appiumpackage1.Appiumbasics" time="76.235" errors="0" timestamp="2023-10-30T10:19:53 PKT" skipped="0">
  <testcase classname="Appiumpackage1.Appiumbasics" name="AppiumTest" time="76.235"/>
</testsuite> <!-- Appiumpackage1.Appiumbasics -->
