<?xml version="1.0" encoding="UTF-8"?>
<!-- Generated by org.testng.reporters.JUnitReportReporter -->
<testsuite hostname="TFL_CT_Hisham" failures="0" tests="1" name="Appiumpackage1.Appiumbasics" time="53.598" errors="0" timestamp="2023-09-01T10:01:02 PKT" skipped="0">
  <testcase classname="Appiumpackage1.Appiumbasics" name="AppiumTest" time="53.598"/>
</testsuite> <!-- Appiumpackage1.Appiumbasics -->
