<?xml version="1.0" encoding="UTF-8"?>
<!-- Generated by org.testng.reporters.JUnitReportReporter -->
<testsuite hostname="TFL_CT_Hisham" failures="0" tests="1" name="Appiumpackage1.Appiumbasics" time="5.183" errors="0" timestamp="2023-10-31T18:12:45 PKT" skipped="0">
  <testcase classname="Appiumpackage1.Appiumbasics" name="AppiumTest" time="5.183"/>
</testsuite> <!-- Appiumpackage1.Appiumbasics -->
