<?xml version="1.0" encoding="UTF-8"?>
<!-- Generated by org.testng.reporters.JUnitReportReporter -->
<testsuite hostname="TFL_CT_Hisham" failures="0" tests="1" name="Appiumpackage1.Appiumbasics" time="45.774" errors="0" timestamp="2023-09-13T17:18:54 PKT" skipped="0">
  <testcase classname="Appiumpackage1.Appiumbasics" name="AppiumTest" time="45.774"/>
</testsuite> <!-- Appiumpackage1.Appiumbasics -->
