<?xml version="1.0" encoding="UTF-8"?>
<!-- Generated by org.testng.reporters.JUnitReportReporter -->
<testsuite hostname="DESKTOP-G8PV7I8" failures="0" tests="1" name="Appiumpackage1.Appiumbasics" time="11.121" errors="0" timestamp="2023-12-07T12:47:46 PKT" skipped="0">
  <testcase classname="Appiumpackage1.Appiumbasics" name="AppiumTest" time="11.121"/>
</testsuite> <!-- Appiumpackage1.Appiumbasics -->
