<?xml version="1.0" encoding="UTF-8"?>
<!-- Generated by org.testng.reporters.JUnitReportReporter -->
<testsuite hostname="TFL_CT_Hisham" failures="0" tests="1" name="Appiumpackage1.Bookingflow" time="57.160" errors="0" timestamp="2023-08-31T18:43:43 PKT" skipped="0">
  <testcase classname="Appiumpackage1.Bookingflow" name="BookAppointment" time="57.160"/>
</testsuite> <!-- Appiumpackage1.Bookingflow -->
